<?xml version="1.0" encoding="UTF-8"?>
<testsuite name="Momoth.momoth.MomothProjectApplicationTests" tests="1" skipped="0" failures="0" errors="0" timestamp="2023-03-07T07:30:27" hostname="BOKYUNG" time="0.234">
  <properties/>
  <testcase name="contextLoads()" classname="Momoth.momoth.MomothProjectApplicationTests" time="0.234"/>
  <system-out><![CDATA[16:30:25.928 [Test worker] DEBUG org.springframework.test.context.BootstrapUtils - Instantiating CacheAwareContextLoaderDelegate from class [org.springframework.test.context.cache.DefaultCacheAwareContextLoaderDelegate]
16:30:25.934 [Test worker] DEBUG org.springframework.test.context.BootstrapUtils - Instantiating BootstrapContext using constructor [public org.springframework.test.context.support.DefaultBootstrapContext(java.lang.Class,org.springframework.test.context.CacheAwareContextLoaderDelegate)]
16:30:25.958 [Test worker] DEBUG org.springframework.test.context.BootstrapUtils - Instantiating TestContextBootstrapper for test class [Momoth.momoth.MomothProjectApplicationTests] from class [org.springframework.boot.test.context.SpringBootTestContextBootstrapper]
16:30:25.965 [Test worker] INFO org.springframework.boot.test.context.SpringBootTestContextBootstrapper - Neither @ContextConfiguration nor @ContextHierarchy found for test class [Momoth.momoth.MomothProjectApplicationTests], using SpringBootContextLoader
16:30:25.968 [Test worker] DEBUG org.springframework.test.context.support.AbstractContextLoader - Did not detect default resource location for test class [Momoth.momoth.MomothProjectApplicationTests]: class path resource [Momoth/momoth/MomothProjectApplicationTests-context.xml] does not exist
16:30:25.969 [Test worker] DEBUG org.springframework.test.context.support.AbstractContextLoader - Did not detect default resource location for test class [Momoth.momoth.MomothProjectApplicationTests]: class path resource [Momoth/momoth/MomothProjectApplicationTestsContext.groovy] does not exist
16:30:25.969 [Test worker] INFO org.springframework.test.context.support.AbstractContextLoader - Could not detect default resource locations for test class [Momoth.momoth.MomothProjectApplicationTests]: no resource found for suffixes {-context.xml, Context.groovy}.
16:30:25.969 [Test worker] INFO org.springframework.test.context.support.AnnotationConfigContextLoaderUtils - Could not detect default configuration classes for test class [Momoth.momoth.MomothProjectApplicationTests]: MomothProjectApplicationTests does not declare any static, non-private, non-final, nested classes annotated with @Configuration.
16:30:25.997 [Test worker] DEBUG org.springframework.test.context.support.ActiveProfilesUtils - Could not find an 'annotation declaring class' for annotation type [org.springframework.test.context.ActiveProfiles] and class [Momoth.momoth.MomothProjectApplicationTests]
16:30:26.040 [Test worker] DEBUG org.springframework.context.annotation.ClassPathScanningCandidateComponentProvider - Identified candidate component class: file [C:\workspace\Momoth\build\classes\java\main\Momoth\momoth\MomothProjectApplication.class]
16:30:26.041 [Test worker] INFO org.springframework.boot.test.context.SpringBootTestContextBootstrapper - Found @SpringBootConfiguration Momoth.momoth.MomothProjectApplication for test class Momoth.momoth.MomothProjectApplicationTests
16:30:26.116 [Test worker] DEBUG org.springframework.boot.test.context.SpringBootTestContextBootstrapper - @TestExecutionListeners is not present for class [Momoth.momoth.MomothProjectApplicationTests]: using defaults.
16:30:26.116 [Test worker] INFO org.springframework.boot.test.context.SpringBootTestContextBootstrapper - Loaded default TestExecutionListener class names from location [META-INF/spring.factories]: [org.springframework.security.test.context.support.WithSecurityContextTestExecutionListener, org.springframework.security.test.context.support.ReactorContextTestExecutionListener, org.springframework.boot.test.autoconfigure.restdocs.RestDocsTestExecutionListener, org.springframework.boot.test.autoconfigure.web.client.MockRestServiceServerResetTestExecutionListener, org.springframework.boot.test.autoconfigure.web.servlet.MockMvcPrintOnlyOnFailureTestExecutionListener, org.springframework.boot.test.autoconfigure.web.servlet.WebDriverTestExecutionListener, org.springframework.boot.test.autoconfigure.webservices.client.MockWebServiceServerTestExecutionListener, org.springframework.boot.test.mock.mockito.MockitoTestExecutionListener, org.springframework.boot.test.mock.mockito.ResetMocksTestExecutionListener, org.springframework.test.context.web.ServletTestExecutionListener, org.springframework.test.context.support.DirtiesContextBeforeModesTestExecutionListener, org.springframework.test.context.event.ApplicationEventsTestExecutionListener, org.springframework.test.context.support.DependencyInjectionTestExecutionListener, org.springframework.test.context.support.DirtiesContextTestExecutionListener, org.springframework.test.context.transaction.TransactionalTestExecutionListener, org.springframework.test.context.jdbc.SqlScriptsTestExecutionListener, org.springframework.test.context.event.EventPublishingTestExecutionListener]
16:30:26.126 [Test worker] DEBUG org.springframework.boot.test.context.SpringBootTestContextBootstrapper - Skipping candidate TestExecutionListener [org.springframework.test.context.transaction.TransactionalTestExecutionListener] due to a missing dependency. Specify custom listener classes or make the default listener classes and their required dependencies available. Offending class: [org/springframework/transaction/interceptor/TransactionAttributeSource]
16:30:26.127 [Test worker] DEBUG org.springframework.boot.test.context.SpringBootTestContextBootstrapper - Skipping candidate TestExecutionListener [org.springframework.test.context.jdbc.SqlScriptsTestExecutionListener] due to a missing dependency. Specify custom listener classes or make the default listener classes and their required dependencies available. Offending class: [org/springframework/transaction/interceptor/TransactionAttribute]
16:30:26.127 [Test worker] INFO org.springframework.boot.test.context.SpringBootTestContextBootstrapper - Using TestExecutionListeners: [org.springframework.test.context.web.ServletTestExecutionListener@3d4d3fe7, org.springframework.test.context.support.DirtiesContextBeforeModesTestExecutionListener@65f87a2c, org.springframework.test.context.event.ApplicationEventsTestExecutionListener@51684e4a, org.springframework.boot.test.mock.mockito.MockitoTestExecutionListener@6ce1f601, org.springframework.boot.test.autoconfigure.SpringBootDependencyInjectionTestExecutionListener@38875e7d, org.springframework.test.context.support.DirtiesContextTestExecutionListener@1e886a5b, org.springframework.security.test.context.support.WithSecurityContextTestExecutionListener@d816dde, org.springframework.test.context.event.EventPublishingTestExecutionListener@6e33c391, org.springframework.security.test.context.support.ReactorContextTestExecutionListener@6c451c9c, org.springframework.boot.test.autoconfigure.restdocs.RestDocsTestExecutionListener@31c269fd, org.springframework.boot.test.autoconfigure.web.client.MockRestServiceServerResetTestExecutionListener@372b0d86, org.springframework.boot.test.autoconfigure.web.servlet.MockMvcPrintOnlyOnFailureTestExecutionListener@47747fb9, org.springframework.boot.test.autoconfigure.web.servlet.WebDriverTestExecutionListener@3113a37, org.springframework.boot.test.autoconfigure.webservices.client.MockWebServiceServerTestExecutionListener@213e3629, org.springframework.boot.test.mock.mockito.ResetMocksTestExecutionListener@4e9658b5]
16:30:26.129 [Test worker] DEBUG org.springframework.test.context.support.AbstractDirtiesContextTestExecutionListener - Before test class: context [DefaultTestContext@4d9d1b69 testClass = MomothProjectApplicationTests, testInstance = [null], testMethod = [null], testException = [null], mergedContextConfiguration = [WebMergedContextConfiguration@52c8295b testClass = MomothProjectApplicationTests, locations = '{}', classes = '{class Momoth.momoth.MomothProjectApplication}', contextInitializerClasses = '[]', activeProfiles = '{}', propertySourceLocations = '{}', propertySourceProperties = '{org.springframework.boot.test.context.SpringBootTestContextBootstrapper=true}', contextCustomizers = set[org.springframework.boot.test.autoconfigure.actuate.metrics.MetricsExportContextCustomizerFactory$DisableMetricExportContextCustomizer@20a14b55, org.springframework.boot.test.autoconfigure.properties.PropertyMappingContextCustomizer@0, org.springframework.boot.test.autoconfigure.web.servlet.WebDriverContextCustomizerFactory$Customizer@686449f9, org.springframework.boot.test.context.filter.ExcludeFilterContextCustomizer@36f48b4, org.springframework.boot.test.json.DuplicateJsonObjectContextCustomizerFactory$DuplicateJsonObjectContextCustomizer@3f792b9b, org.springframework.boot.test.mock.mockito.MockitoContextCustomizer@0, org.springframework.boot.test.web.client.TestRestTemplateContextCustomizer@2bd2b28e, org.springframework.boot.test.context.SpringBootTestArgs@1, org.springframework.boot.test.context.SpringBootTestWebEnvironment@4bff7da0], resourceBasePath = 'src/main/webapp', contextLoader = 'org.springframework.boot.test.context.SpringBootContextLoader', parent = [null]], attributes = map['org.springframework.test.context.web.ServletTestExecutionListener.activateListener' -> true]], class annotated with @DirtiesContext [false] with mode [null].

  .   ____          _            __ _ _
 /\\ / ___'_ __ _ _(_)_ __  __ _ \ \ \ \
( ( )\___ | '_ | '_| | '_ \/ _` | \ \ \ \
 \\/  ___)| |_)| | | | | || (_| |  ) ) ) )
  '  |____| .__|_| |_|_| |_\__, | / / / /
 =========|_|==============|___/=/_/_/_/
 :: Spring Boot ::                (v2.7.9)

2023-03-07 16:30:26.369  INFO 14640 --- [    Test worker] M.momoth.MomothProjectApplicationTests   : Starting MomothProjectApplicationTests using Java 11.0.2 on Bokyung with PID 14640 (started by bboya in C:\workspace\Momoth)
2023-03-07 16:30:26.370  INFO 14640 --- [    Test worker] M.momoth.MomothProjectApplicationTests   : No active profile set, falling back to 1 default profile: "default"
2023-03-07 16:30:27.189  INFO 14640 --- [    Test worker] o.s.b.a.w.s.WelcomePageHandlerMapping    : Adding welcome page: class path resource [static/index.html]
2023-03-07 16:30:27.430  INFO 14640 --- [    Test worker] M.momoth.MomothProjectApplicationTests   : Started MomothProjectApplicationTests in 1.274 seconds (JVM running for 2.15)
]]></system-out>
  <system-err><![CDATA[]]></system-err>
</testsuite>
